<?xml version="1.0" encoding="UTF-8"?>
<testsuite xmlns:xsi="http://www.w3.org/2001/XMLSchema-instance" xsi:noNamespaceSchemaLocation="https://maven.apache.org/surefire/maven-surefire-plugin/xsd/surefire-test-report-3.0.xsd" version="3.0" name="TestSuite" time="43.074" tests="12" errors="0" skipped="0" failures="0">
  <properties>
[...]
</properties>
  <testcase name="clickonclosebtn" classname="test.Testingbaba_logintest" time="0.367">
    <system-err><![CDATA[Starting ChromeDriver 96.0.4664.45 (76e4c1bb2ab4671b8beba3444e61c0f17584b2fc-refs/branch-heads/4664@{#947}) on port 3472
Only local connections are allowed.
Please see https://chromedriver.chromium.org/security-considerations for suggestions on keeping ChromeDriver safe.
ChromeDriver was started successfully.
[1643791671.394][WARNING]: This version of ChromeDriver has not been tested with Chrome version 97.
Feb 02, 2022 2:17:52 PM org.openqa.selenium.remote.ProtocolHandshake createSession
INFO: Detected dialect: W3C
]]></system-err>
  </testcase>
  <testcase name="clickonpracticeform" classname="test.Testingbaba_logintest" time="3.126"/>
  <testcase name="clickonelements" classname="test.Testingbaba_elementtest" time="0.265"/>
  <testcase name="clickontextbox" classname="test.Testingbaba_textboxtest" time="0.628"/>
  <testcase name="clickoncheckbox" classname="test.Testingbaba_checkbox_test" time="2.245"/>
  <testcase name="clickonmobile" classname="test.Testingbaba_checkbox_test" time="0.839"/>
  <testcase name="clickonlaptop" classname="test.Testingbaba_checkbox_test" time="0.459"/>
  <testcase name="clickondesktop" classname="test.Testingbaba_checkbox_test" time="0.441"/>
  <testcase name="clickonwebtables" classname="test.Testingbaba_webtablestest" time="0.248"/>
  <testcase name="filldetails" classname="test.Testingbaba_webtablestest" time="7.979"/>
  <testcase name="clickonedit" classname="test.Testingbaba_webtablestest" time="4.913"/>
  <testcase name="clickonalert_frame_windowbtn" classname="test.Testingbaba_alerts_frame_windowtest" time="0.241"/>
</testsuite>