<?xml version="1.0" encoding="UTF-8"?>
<!-- Generated by org.testng.reporters.JUnitXMLReporter -->
<testsuite hostname="DESKTOP-PKSRIN6" failures="0" tests="3" name="Webtables_test" time="13.169" errors="0" timestamp="2 Feb 2022 08:48:20 GMT">
  <testcase classname="test.Testingbaba_webtablestest" name="clickonwebtables" time="0.246"/>
  <testcase classname="test.Testingbaba_webtablestest" name="filldetails" time="7.98"/>
  <testcase classname="test.Testingbaba_webtablestest" name="clickonedit" time="4.915"/>
</testsuite> <!-- Webtables_test -->
